Traceback (most recent call last):
  File "C:\Users\prisc\Documents\Lib\site-packages\jupyter_cache\executors\utils.py", line 58, in single_nb_execution
    executenb(
  File "C:\Users\prisc\Documents\Lib\site-packages\nbclient\client.py", line 1319, in execute
    return NotebookClient(nb=nb, resources=resources, km=km, **kwargs).execute()
           ^^^^^^^^^^^^^^^^^^^^^^^^^^^^^^^^^^^^^^^^^^^^^^^^^^^^^^^^^^^^^^^^^^^^^
  File "C:\Users\prisc\AppData\Roaming\Python\Python312\site-packages\jupyter_core\utils\__init__.py", line 165, in wrapped
    return loop.run_until_complete(inner)
           ^^^^^^^^^^^^^^^^^^^^^^^^^^^^^^
  File "C:\Users\prisc\Documents\Lib\asyncio\base_events.py", line 687, in run_until_complete
    return future.result()
           ^^^^^^^^^^^^^^^
  File "C:\Users\prisc\Documents\Lib\site-packages\nbclient\client.py", line 709, in async_execute
    await self.async_execute_cell(
  File "C:\Users\prisc\Documents\Lib\site-packages\nbclient\client.py", line 1062, in async_execute_cell
    await self._check_raise_for_error(cell, cell_index, exec_reply)
  File "C:\Users\prisc\Documents\Lib\site-packages\nbclient\client.py", line 918, in _check_raise_for_error
    raise CellExecutionError.from_cell_and_msg(cell, exec_reply_content)
nbclient.exceptions.CellExecutionError: An error occurred while executing the following cell:
------------------
# First, clear all previous jobs and molecules (since this is our first time using the model, this step is not necessary)
model.clear_jobs()
model.clear_molecules()

#Add the new molecules to the model
model.add_molecule([butane_input]) #molecule number 1
model.add_molecule([water_input]) #molecule number 2


#Add the mole fractions
#This is the mole fraction array for the mixture we are analyzing, the first number corresponds to butane and the second one to water
mole_fractions  = np.array([0.0, 1]) 

#set the temperature in K
T = 298.15
------------------


[1;31m---------------------------------------------------------------------------[0m
[1;31mFileNotFoundError[0m                         Traceback (most recent call last)
Cell [1;32mIn[7], line 6[0m
[0;32m      3[0m model[38;5;241m.[39mclear_molecules()
[0;32m      5[0m [38;5;66;03m#Add the new molecules to the model[39;00m
[1;32m----> 6[0m [43mmodel[49m[38;5;241;43m.[39;49m[43madd_molecule[49m[43m([49m[43m[[49m[43mbutane_input[49m[43m][49m[43m)[49m [38;5;66;03m#molecule number 1[39;00m
[0;32m      7[0m model[38;5;241m.[39madd_molecule([water_input]) [38;5;66;03m#molecule number 2[39;00m
[0;32m     10[0m [38;5;66;03m#Add the mole fractions[39;00m
[0;32m     11[0m [38;5;66;03m#This is the mole fraction array for the mixture we are analyzing, the first number corresponds to butane and the second one to water[39;00m

File [1;32m~\Desktop\openCOSMO-RS_py\src\opencosmorspy\cosmors.py:97[0m, in [0;36mCOSMORS.add_molecule[1;34m(self, filepath_lst)[0m
[0;32m     81[0m [38;5;250m[39m[38;5;124;03m"""[39;00m
[0;32m     82[0m [38;5;124;03mAdd a molecule to the model class[39;00m
[0;32m     83[0m 
[1;32m   (...)[0m
[0;32m     92[0m 
[0;32m     93[0m [38;5;124;03m"""[39;00m
[0;32m     95[0m [38;5;28mself[39m[38;5;241m.[39mclear_jobs()
[1;32m---> 97[0m [38;5;28;43mself[39;49m[38;5;241;43m.[39;49m[43menth[49m[38;5;241;43m.[39;49m[43madd_molecule[49m[43m([49m[43mfilepath_lst[49m[43m)[49m
[0;32m     99[0m A_arr [38;5;241m=[39m np[38;5;241m.[39marray([mol[38;5;241m.[39mget_area() [38;5;28;01mfor[39;00m mol [38;5;129;01min[39;00m [38;5;28mself[39m[38;5;241m.[39menth[38;5;241m.[39mmol_lst])
[0;32m    100[0m [38;5;28mself[39m[38;5;241m.[39mcomb[38;5;241m.[39mset_area_array(A_arr)

File [1;32m~\Desktop\openCOSMO-RS_py\src\opencosmorspy\cosmors.py:586[0m, in [0;36mCOSMORSEnthalpic.add_molecule[1;34m(self, filepath_lst)[0m
[0;32m    571[0m [38;5;28;01mdef[39;00m [38;5;21madd_molecule[39m([38;5;28mself[39m, filepath_lst):
[0;32m    572[0m [38;5;250m    [39m[38;5;124;03m"""[39;00m
[0;32m    573[0m [38;5;124;03m    Add a molecule to the object[39;00m
[0;32m    574[0m 
[1;32m   (...)[0m
[0;32m    583[0m 
[0;32m    584[0m [38;5;124;03m    """[39;00m
[1;32m--> 586[0m     [38;5;28mself[39m[38;5;241m.[39mmol_lst[38;5;241m.[39mappend([43mMolecule[49m[43m([49m[43mfilepath_lst[49m[43m,[49m[43m [49m[38;5;28;43mself[39;49m[38;5;241;43m.[39;49m[43mpar[49m[38;5;241;43m.[39;49m[43mqc_program[49m[43m)[49m)
[0;32m    587[0m     mol [38;5;241m=[39m [38;5;28mself[39m[38;5;241m.[39mmol_lst[[38;5;241m-[39m[38;5;241m1[39m]
[0;32m    588[0m     mol[38;5;241m.[39mconvert_properties([38;5;28mself[39m[38;5;241m.[39mpar[38;5;241m.[39mr_av, [38;5;28mself[39m[38;5;241m.[39mpar[38;5;241m.[39mmf_r_av_corr)

File [1;32m~\Desktop\openCOSMO-RS_py\src\opencosmorspy\molecules.py:33[0m, in [0;36mMolecule.__init__[1;34m(self, filepath_lst, qc_program)[0m
[0;32m     31[0m [38;5;28mself[39m[38;5;241m.[39mcosmo_struct_lst [38;5;241m=[39m []
[0;32m     32[0m [38;5;28;01mfor[39;00m path [38;5;129;01min[39;00m filepath_lst:
[1;32m---> 33[0m     cosmo_info [38;5;241m=[39m [43mSigmaProfileParser[49m[43m([49m[43mpath[49m[43m,[49m[43m [49m[43mqc_program[49m[43m)[49m
[0;32m     34[0m     [38;5;28mself[39m[38;5;241m.[39mcosmo_struct_lst[38;5;241m.[39mappend(COSMOStruct(cosmo_info))
[0;32m     35[0m     [38;5;28mself[39m[38;5;241m.[39mcosmo_struct_lst[[38;5;241m-[39m[38;5;241m1[39m]

File [1;32m~\Desktop\openCOSMO-RS_py\src\opencosmorspy\input_parsers.py:57[0m, in [0;36mSigmaProfileParser.__init__[1;34m(self, filepath, qc_program, calculate_averaged_sigmas)[0m
[0;32m     55[0m     [38;5;28mself[39m[38;5;241m.[39m_read_turbomolesp()
[0;32m     56[0m [38;5;28;01melif[39;00m qc_program [38;5;241m==[39m [38;5;124m"[39m[38;5;124morca[39m[38;5;124m"[39m:
[1;32m---> 57[0m     [38;5;28;43mself[39;49m[38;5;241;43m.[39;49m[43m_read_orcasp[49m[43m([49m[43m)[49m
[0;32m     58[0m [38;5;28;01melse[39;00m:
[0;32m     59[0m     [38;5;28;01mraise[39;00m [38;5;167;01mValueError[39;00m([38;5;124mf[39m[38;5;124m"[39m[38;5;124mUnknown QC file format: [39m[38;5;132;01m{[39;00mqc_program[38;5;132;01m}[39;00m[38;5;124m"[39m)

File [1;32m~\Desktop\openCOSMO-RS_py\src\opencosmorspy\input_parsers.py:532[0m, in [0;36mSigmaProfileParser._read_orcasp[1;34m(self)[0m
[0;32m    530[0m [38;5;28;01mdef[39;00m [38;5;21m_read_orcasp[39m([38;5;28mself[39m):
[1;32m--> 532[0m     [38;5;28;01mwith[39;00m [38;5;28;43mopen[39;49m[43m([49m[38;5;28;43mself[39;49m[43m[[49m[38;5;124;43m"[39;49m[38;5;124;43mfilepath[39;49m[38;5;124;43m"[39;49m[43m][49m[43m,[49m[43m [49m[38;5;124;43m"[39;49m[38;5;124;43mr[39;49m[38;5;124;43m"[39;49m[43m)[49m [38;5;28;01mas[39;00m orcasp_file:
[0;32m    534[0m         line [38;5;241m=[39m [38;5;28mnext[39m(orcasp_file)[38;5;241m.[39mstrip()
[0;32m    535[0m         [38;5;28mself[39m[[38;5;124m"[39m[38;5;124mname[39m[38;5;124m"[39m], [38;5;28mself[39m[[38;5;124m"[39m[38;5;124mmethod[39m[38;5;124m"[39m] [38;5;241m=[39m (entry[38;5;241m.[39mstrip() [38;5;28;01mfor[39;00m entry [38;5;129;01min[39;00m line[38;5;241m.[39msplit([38;5;124m"[39m[38;5;124m:[39m[38;5;124m"[39m))

[1;31mFileNotFoundError[0m: [Errno 2] No such file or directory: 'C:\\Users\\prisc\\Desktop\\orcacosmo_files\\butane\\COSMO_TZVPD\\butane_c000.orcacosmo'

